<?xml version="1.0" encoding="UTF-8"?>
<!-- Generated by org.testng.reporters.JUnitXMLReporter -->
<testsuite hostname="LAPTOP-FHJUQOOV" ignored="0" name="Test" tests="5" failures="0" timestamp="06 Jun 2021 13:50:52 GMT" time="9.007" errors="0">
  <testcase name="login" time="0.964" classname="Testexecution.Loginexecution"/>
  <testcase name="test" time="2.243" classname="Testexecution.Homeexecution"/>
  <testcase name="test1" time="0.214" classname="Testexecution.Homeexecution"/>
  <testcase name="test" time="0.697" classname="Testexecution.cartclass"/>
  <testcase name="test" time="0.189" classname="Testexecution.orderexecution"/>
</testsuite> <!-- Test -->
