<?xml version="1.0" encoding="UTF-8"?>
<testng-results skipped="0" failed="0" ignored="0" total="5" passed="5">
  <reporter-output>
  </reporter-output>
  <suite name="Suite" duration-ms="9007" started-at="2021-06-06T13:50:43Z" finished-at="2021-06-06T13:50:52Z">
    <groups>
    </groups>
    <test name="Test" duration-ms="9007" started-at="2021-06-06T13:50:43Z" finished-at="2021-06-06T13:50:52Z">
      <class name="Testexecution.Loginexecution">
        <test-method status="PASS" signature="before()[pri:0, instance:Testexecution.Loginexecution@27c20538]" name="before" is-config="true" duration-ms="4476" started-at="2021-06-06T13:50:44Z" finished-at="2021-06-06T13:50:48Z">
          <reporter-output>
          </reporter-output>
        </test-method> <!-- before -->
        <test-method status="PASS" signature="login(java.lang.String, java.lang.String)[pri:0, instance:Testexecution.Loginexecution@27c20538]" name="login" duration-ms="964" started-at="2021-06-06T13:50:48Z" finished-at="2021-06-06T13:50:49Z">
          <params>
            <param index="0">
              <value>
                <![CDATA[standard_user]]>
              </value>
            </param>
            <param index="1">
              <value>
                <![CDATA[secret_sauce]]>
              </value>
            </param>
          </params>
          <reporter-output>
          </reporter-output>
        </test-method> <!-- login -->
        <test-method status="PASS" signature="afterclass()[pri:0, instance:Testexecution.Loginexecution@27c20538]" name="afterclass" is-config="true" duration-ms="0" started-at="2021-06-06T13:50:49Z" finished-at="2021-06-06T13:50:49Z">
          <reporter-output>
          </reporter-output>
        </test-method> <!-- afterclass -->
      </class> <!-- Testexecution.Loginexecution -->
      <class name="Testexecution.cartclass">
        <test-method status="PASS" signature="beforeclass()[pri:0, instance:Testexecution.cartclass@6e06451e]" name="beforeclass" is-config="true" duration-ms="15" started-at="2021-06-06T13:50:52Z" finished-at="2021-06-06T13:50:52Z">
          <reporter-output>
          </reporter-output>
        </test-method> <!-- beforeclass -->
        <test-method status="PASS" signature="test(java.lang.String, java.lang.String, java.lang.String)[pri:0, instance:Testexecution.cartclass@6e06451e]" name="test" duration-ms="697" started-at="2021-06-06T13:50:52Z" finished-at="2021-06-06T13:50:52Z">
          <params>
            <param index="0">
              <value>
                <![CDATA[lavanya]]>
              </value>
            </param>
            <param index="1">
              <value>
                <![CDATA[s]]>
              </value>
            </param>
            <param index="2">
              <value>
                <![CDATA[600069]]>
              </value>
            </param>
          </params>
          <reporter-output>
          </reporter-output>
        </test-method> <!-- test -->
        <test-method status="PASS" signature="aftermethod()[pri:0, instance:Testexecution.cartclass@6e06451e]" name="aftermethod" is-config="true" duration-ms="19" started-at="2021-06-06T13:50:52Z" finished-at="2021-06-06T13:50:52Z">
          <reporter-output>
          </reporter-output>
        </test-method> <!-- aftermethod -->
      </class> <!-- Testexecution.cartclass -->
      <class name="Testexecution.Homeexecution">
        <test-method status="PASS" signature="beforeclass()[pri:0, instance:Testexecution.Homeexecution@72d818d1]" name="beforeclass" is-config="true" duration-ms="64" started-at="2021-06-06T13:50:49Z" finished-at="2021-06-06T13:50:49Z">
          <reporter-output>
          </reporter-output>
        </test-method> <!-- beforeclass -->
        <test-method status="PASS" signature="test()[pri:0, instance:Testexecution.Homeexecution@72d818d1]" name="test" duration-ms="2243" started-at="2021-06-06T13:50:49Z" finished-at="2021-06-06T13:50:51Z">
          <reporter-output>
          </reporter-output>
        </test-method> <!-- test -->
        <test-method status="PASS" signature="aftermethod()[pri:0, instance:Testexecution.Homeexecution@72d818d1]" name="aftermethod" is-config="true" duration-ms="9" started-at="2021-06-06T13:50:51Z" finished-at="2021-06-06T13:50:51Z">
          <reporter-output>
          </reporter-output>
        </test-method> <!-- aftermethod -->
        <test-method status="PASS" signature="beforeclass()[pri:0, instance:Testexecution.Homeexecution@72d818d1]" name="beforeclass" is-config="true" duration-ms="14" started-at="2021-06-06T13:50:51Z" finished-at="2021-06-06T13:50:51Z">
          <reporter-output>
          </reporter-output>
        </test-method> <!-- beforeclass -->
        <test-method status="PASS" signature="test1()[pri:0, instance:Testexecution.Homeexecution@72d818d1]" name="test1" duration-ms="214" started-at="2021-06-06T13:50:51Z" finished-at="2021-06-06T13:50:52Z">
          <reporter-output>
          </reporter-output>
        </test-method> <!-- test1 -->
        <test-method status="PASS" signature="aftermethod()[pri:0, instance:Testexecution.Homeexecution@72d818d1]" name="aftermethod" is-config="true" duration-ms="19" started-at="2021-06-06T13:50:52Z" finished-at="2021-06-06T13:50:52Z">
          <reporter-output>
          </reporter-output>
        </test-method> <!-- aftermethod -->
      </class> <!-- Testexecution.Homeexecution -->
      <class name="Testexecution.orderexecution">
        <test-method status="PASS" signature="beforeclass()[pri:0, instance:Testexecution.orderexecution@59494225]" name="beforeclass" is-config="true" duration-ms="15" started-at="2021-06-06T13:50:52Z" finished-at="2021-06-06T13:50:52Z">
          <reporter-output>
          </reporter-output>
        </test-method> <!-- beforeclass -->
        <test-method status="PASS" signature="test()[pri:0, instance:Testexecution.orderexecution@59494225]" name="test" duration-ms="189" started-at="2021-06-06T13:50:52Z" finished-at="2021-06-06T13:50:52Z">
          <reporter-output>
          </reporter-output>
        </test-method> <!-- test -->
        <test-method status="PASS" signature="aftermethod()[pri:0, instance:Testexecution.orderexecution@59494225]" name="aftermethod" is-config="true" duration-ms="11" started-at="2021-06-06T13:50:52Z" finished-at="2021-06-06T13:50:52Z">
          <reporter-output>
          </reporter-output>
        </test-method> <!-- aftermethod -->
      </class> <!-- Testexecution.orderexecution -->
    </test> <!-- Test -->
  </suite> <!-- Suite -->
</testng-results>
